Arguments: 
  /usr/local/bin/node /usr/local/bin/yarn publish

PATH: 
  /Users/sandy/Library/Android/sdk/platform-tools:/opt/homebrew/bin:/opt/homebrew/sbin:/usr/local/bin:/usr/bin:/bin:/usr/sbin:/sbin:/Users/sandy/Library/Android/sdk/platform-tools:/opt/homebrew/bin:/opt/homebrew/sbin

Yarn version: 
  1.22.18

Node version: 
  16.14.2

Platform: 
  darwin arm64

Trace: 
  Error: canceled
      at Interface.<anonymous> (/usr/local/lib/node_modules/yarn/lib/cli.js:137143:13)
      at Interface.emit (node:events:526:28)
      at Interface._ttyWrite (node:readline:1081:16)
      at ReadStream.onkeypress (node:readline:288:10)
      at ReadStream.emit (node:events:526:28)
      at emitKeys (node:internal/readline/utils:358:14)
      at emitKeys.next (<anonymous>)
      at ReadStream.onData (node:internal/readline/emitKeypressEvents:61:36)
      at ReadStream.emit (node:events:526:28)
      at addChunk (node:internal/streams/readable:315:12)

npm manifest: 
  {
    "name": "react-native-image-carousel",
    "version": "1.3.0",
    "description": "image carousel component for react-native (android/ios)",
    "main": "dist/index.js",
    "types": "dist/index.d.ts",
    "private": false,
    "scripts": {
      "prepare": "tsc",
      "build": "tsc",
      "prepublish": "npm run build",
      "test": "echo \"Error: no test specified\" && exit 1"
    },
    "keywords": [
      "react native",
      "react",
      "react native carousel",
      "image carousel",
      "image",
      "carousel"
    ],
    "repository": {
      "type": "git",
      "url": "https://github.com/sandeepkumarmishra354/react-native-bottom-snackbar"
    },
    "author": {
      "name": "sandeep mishra",
      "email": "sandeepkumarmishra354@gmail.com"
    },
    "license": "MIT",
    "bugs": {
      "url": "https://github.com/sandeepkumarmishra354/react-native-bottom-snackbar/issues",
      "email": "sandeepkumarmishra354@gmail.com"
    },
    "homepage": "https://github.com/sandeepkumarmishra354/react-native-bottom-snackbar#readme",
    "devDependencies": {
      "@types/react": "^17.0.39",
      "@types/react-native": "^0.66.15",
      "typescript": "^4.5.5"
    },
    "peerDependencies": {
      "react": "*",
      "react-native": "*"
    }
  }

yarn manifest: 
  No manifest

Lockfile: 
  # THIS IS AN AUTOGENERATED FILE. DO NOT EDIT THIS FILE DIRECTLY.
  # yarn lockfile v1
  
  
  "@types/prop-types@*":
    version "15.7.5"
    resolved "https://registry.yarnpkg.com/@types/prop-types/-/prop-types-15.7.5.tgz#5f19d2b85a98e9558036f6a3cacc8819420f05cf"
    integrity sha512-JCB8C6SnDoQf0cNycqd/35A7MjcnK+ZTqE7judS6o7utxUCg6imJg3QK2qzHKszlTjcj2cn+NwMB2i96ubpj7w==
  
  "@types/react-native@^0.66.15":
    version "0.66.18"
    resolved "https://registry.yarnpkg.com/@types/react-native/-/react-native-0.66.18.tgz#924fdbf413047e7ac2c18aead60142345814dede"
    integrity sha512-a+xIlll1Wo4rhBPdoecH6VfvMgm8dcMScJgO5GSt+BB+7rMX/UOTWmfAV7BXx/x4okf2Tu6nSbEygnNYgNtp2A==
    dependencies:
      "@types/react" "*"
  
  "@types/react@*":
    version "18.0.12"
    resolved "https://registry.yarnpkg.com/@types/react/-/react-18.0.12.tgz#cdaa209d0a542b3fcf69cf31a03976ec4cdd8840"
    integrity sha512-duF1OTASSBQtcigUvhuiTB1Ya3OvSy+xORCiEf20H0P0lzx+/KeVsA99U5UjLXSbyo1DRJDlLKqTeM1ngosqtg==
    dependencies:
      "@types/prop-types" "*"
      "@types/scheduler" "*"
      csstype "^3.0.2"
  
  "@types/react@^17.0.39":
    version "17.0.45"
    resolved "https://registry.yarnpkg.com/@types/react/-/react-17.0.45.tgz#9b3d5b661fd26365fefef0e766a1c6c30ccf7b3f"
    integrity sha512-YfhQ22Lah2e3CHPsb93tRwIGNiSwkuz1/blk4e6QrWS0jQzCSNbGLtOEYhPg02W0yGTTmpajp7dCTbBAMN3qsg==
    dependencies:
      "@types/prop-types" "*"
      "@types/scheduler" "*"
      csstype "^3.0.2"
  
  "@types/scheduler@*":
    version "0.16.2"
    resolved "https://registry.yarnpkg.com/@types/scheduler/-/scheduler-0.16.2.tgz#1a62f89525723dde24ba1b01b092bf5df8ad4d39"
    integrity sha512-hppQEBDmlwhFAXKJX2KnWLYu5yMfi91yazPb2l+lbJiwW+wdo1gNeRA+3RgNSO39WYX2euey41KEwnqesU2Jew==
  
  csstype@^3.0.2:
    version "3.1.0"
    resolved "https://registry.yarnpkg.com/csstype/-/csstype-3.1.0.tgz#4ddcac3718d787cf9df0d1b7d15033925c8f29f2"
    integrity sha512-uX1KG+x9h5hIJsaKR9xHUeUraxf8IODOwq9JLNPq6BwB04a/xgpq3rcx47l5BZu5zBPlgD342tdke3Hom/nJRA==
  
  typescript@^4.5.5:
    version "4.7.3"
    resolved "https://registry.yarnpkg.com/typescript/-/typescript-4.7.3.tgz#8364b502d5257b540f9de4c40be84c98e23a129d"
    integrity sha512-WOkT3XYvrpXx4vMMqlD+8R8R37fZkjyLGlxavMc4iB8lrl8L0DeTcHbYgw/v0N/z9wAFsgBhcsF0ruoySS22mA==
